This is XeTeX, Version 3.141592653-2.6-0.999997 (TeX Live 2025) (preloaded format=xelatex 2026.1.18)  10 FEB 2026 00:20
entering extended mode
 restricted \write18 enabled.
 %&-line parsing enabled.
**NepenthePaper.tex
(./NepenthePaper.tex
LaTeX2e <2024-11-01> patch level 2
L3 programming layer <2025-01-18>
(/usr/local/texlive/2025basic/texmf-dist/tex/latex/base/article.cls
Document Class: article 2024/06/29 v1.4n Standard LaTeX document class
(/usr/local/texlive/2025basic/texmf-dist/tex/latex/base/size11.clo
File: size11.clo 2024/06/29 v1.4n Standard LaTeX file (size option)
)
\c@part=\count192
\c@section=\count193
\c@subsection=\count194
\c@subsubsection=\count195
\c@paragraph=\count196
\c@subparagraph=\count197
\c@figure=\count198
\c@table=\count199
\abovecaptionskip=\skip49
\belowcaptionskip=\skip50
\bibindent=\dimen141
)
(/usr/local/texlive/2025basic/texmf-dist/tex/latex/geometry/geometry.sty
Package: geometry 2020/01/02 v5.9 Page Geometry

(/usr/local/texlive/2025basic/texmf-dist/tex/latex/graphics/keyval.sty
Package: keyval 2022/05/29 v1.15 key=value parser (DPC)
\KV@toks@=\toks17
)
(/usr/local/texlive/2025basic/texmf-dist/tex/generic/iftex/ifvtex.sty
Package: ifvtex 2019/10/25 v1.7 ifvtex legacy package. Use iftex instead.

(/usr/local/texlive/2025basic/texmf-dist/tex/generic/iftex/iftex.sty
Package: iftex 2024/12/12 v1.0g TeX engine tests
))
\Gm@cnth=\count266
\Gm@cntv=\count267
\c@Gm@tempcnt=\count268
\Gm@bindingoffset=\dimen142
\Gm@wd@mp=\dimen143
\Gm@odd@mp=\dimen144
\Gm@even@mp=\dimen145
\Gm@layoutwidth=\dimen146
\Gm@layoutheight=\dimen147
\Gm@layouthoffset=\dimen148
\Gm@layoutvoffset=\dimen149
\Gm@dimlist=\toks18
)
(/usr/local/texlive/2025basic/texmf-dist/tex/latex/amsmath/amsmath.sty
Package: amsmath 2024/11/05 v2.17t AMS math features
\@mathmargin=\skip51

For additional information on amsmath, use the `?' option.
(/usr/local/texlive/2025basic/texmf-dist/tex/latex/amsmath/amstext.sty
Package: amstext 2021/08/26 v2.01 AMS text

(/usr/local/texlive/2025basic/texmf-dist/tex/latex/amsmath/amsgen.sty
File: amsgen.sty 1999/11/30 v2.0 generic functions
\@emptytoks=\toks19
\ex@=\dimen150
))
(/usr/local/texlive/2025basic/texmf-dist/tex/latex/amsmath/amsbsy.sty
Package: amsbsy 1999/11/29 v1.2d Bold Symbols
\pmbraise@=\dimen151
)
(/usr/local/texlive/2025basic/texmf-dist/tex/latex/amsmath/amsopn.sty
Package: amsopn 2022/04/08 v2.04 operator names
)
\inf@bad=\count269
LaTeX Info: Redefining \frac on input line 233.
\uproot@=\count270
\leftroot@=\count271
LaTeX Info: Redefining \overline on input line 398.
LaTeX Info: Redefining \colon on input line 409.
\classnum@=\count272
\DOTSCASE@=\count273
LaTeX Info: Redefining \ldots on input line 495.
LaTeX Info: Redefining \dots on input line 498.
LaTeX Info: Redefining \cdots on input line 619.
\Mathstrutbox@=\box52
\strutbox@=\box53
LaTeX Info: Redefining \big on input line 721.
LaTeX Info: Redefining \Big on input line 722.
LaTeX Info: Redefining \bigg on input line 723.
LaTeX Info: Redefining \Bigg on input line 724.
\big@size=\dimen152
LaTeX Font Info:    Redeclaring font encoding OML on input line 742.
LaTeX Font Info:    Redeclaring font encoding OMS on input line 743.
\macc@depth=\count274
LaTeX Info: Redefining \bmod on input line 904.
LaTeX Info: Redefining \pmod on input line 909.
LaTeX Info: Redefining \smash on input line 939.
LaTeX Info: Redefining \relbar on input line 969.
LaTeX Info: Redefining \Relbar on input line 970.
\c@MaxMatrixCols=\count275
\dotsspace@=\muskip17
\c@parentequation=\count276
\dspbrk@lvl=\count277
\tag@help=\toks20
\row@=\count278
\column@=\count279
\maxfields@=\count280
\andhelp@=\toks21
\eqnshift@=\dimen153
\alignsep@=\dimen154
\tagshift@=\dimen155
\tagwidth@=\dimen156
\totwidth@=\dimen157
\lineht@=\dimen158
\@envbody=\toks22
\multlinegap=\skip52
\multlinetaggap=\skip53
\mathdisplay@stack=\toks23
LaTeX Info: Redefining \[ on input line 2953.
LaTeX Info: Redefining \] on input line 2954.
)
(/usr/local/texlive/2025basic/texmf-dist/tex/latex/amsfonts/amssymb.sty
Package: amssymb 2013/01/14 v3.01 AMS font symbols

(/usr/local/texlive/2025basic/texmf-dist/tex/latex/amsfonts/amsfonts.sty
Package: amsfonts 2013/01/14 v3.01 Basic AMSFonts support
\symAMSa=\mathgroup4
\symAMSb=\mathgroup5
LaTeX Font Info:    Redeclaring math symbol \hbar on input line 98.
LaTeX Font Info:    Overwriting math alphabet `\mathfrak' in version `bold'
(Font)                  U/euf/m/n --> U/euf/b/n on input line 106.
))
(/usr/local/texlive/2025basic/texmf-dist/tex/latex/unicode-math/unicode-math.st
y (/usr/local/texlive/2025basic/texmf-dist/tex/latex/l3kernel/expl3.sty
Package: expl3 2025-01-18 L3 programming layer (loader) 

(/usr/local/texlive/2025basic/texmf-dist/tex/latex/l3backend/l3backend-xetex.de
f
File: l3backend-xetex.def 2024-05-08 L3 backend support: XeTeX
\g__graphics_track_int=\count281
\l__pdf_internal_box=\box54
\g__pdf_backend_annotation_int=\count282
\g__pdf_backend_link_int=\count283
))
Package: unicode-math 2023/08/13 v0.8r Unicode maths in XeLaTeX and LuaLaTeX

(/usr/local/texlive/2025basic/texmf-dist/tex/latex/unicode-math/unicode-math-xe
tex.sty
Package: unicode-math-xetex 2023/08/13 v0.8r Unicode maths in XeLaTeX and LuaLa
TeX

(/usr/local/texlive/2025basic/texmf-dist/tex/latex/l3packages/xparse/xparse.sty
Package: xparse 2024-08-16 L3 Experimental document command parser
)
(/usr/local/texlive/2025basic/texmf-dist/tex/latex/l3packages/l3keys2e/l3keys2e
.sty
Package: l3keys2e 2024-08-16 LaTeX2e option processing using LaTeX3 keys
) (/usr/local/texlive/2025basic/texmf-dist/tex/latex/fontspec/fontspec.sty
Package: fontspec 2024/05/11 v2.9e Font selection for XeLaTeX and LuaLaTeX

(/usr/local/texlive/2025basic/texmf-dist/tex/latex/fontspec/fontspec-xetex.sty
Package: fontspec-xetex 2024/05/11 v2.9e Font selection for XeLaTeX and LuaLaTe
X
\l__fontspec_script_int=\count284
\l__fontspec_language_int=\count285
\l__fontspec_strnum_int=\count286
\l__fontspec_tmp_int=\count287
\l__fontspec_tmpa_int=\count288
\l__fontspec_tmpb_int=\count289
\l__fontspec_tmpc_int=\count290
\l__fontspec_em_int=\count291
\l__fontspec_emdef_int=\count292
\l__fontspec_strong_int=\count293
\l__fontspec_strongdef_int=\count294
\l__fontspec_tmpa_dim=\dimen159
\l__fontspec_tmpb_dim=\dimen160
\l__fontspec_tmpc_dim=\dimen161

(/usr/local/texlive/2025basic/texmf-dist/tex/latex/base/fontenc.sty
Package: fontenc 2021/04/29 v2.0v Standard LaTeX package
)
(/usr/local/texlive/2025basic/texmf-dist/tex/latex/fontspec/fontspec.cfg)))
(/usr/local/texlive/2025basic/texmf-dist/tex/latex/base/fix-cm.sty
Package: fix-cm 2020/11/24 v1.1t fixes to LaTeX

(/usr/local/texlive/2025basic/texmf-dist/tex/latex/base/ts1enc.def
File: ts1enc.def 2001/06/05 v3.0e (jk/car/fm) Standard LaTeX file
LaTeX Font Info:    Redeclaring font encoding TS1 on input line 47.
))
\g__um_fam_int=\count295
\g__um_fonts_used_int=\count296
\l__um_primecount_int=\count297
\g__um_primekern_muskip=\muskip18

(/usr/local/texlive/2025basic/texmf-dist/tex/latex/unicode-math/unicode-math-ta
ble.tex)))

Package fontspec Info: 
(fontspec)             Palatino scale = 0.9181296271009339.


Package fontspec Info: 
(fontspec)             Palatino scale = 1.



Package fontspec Warning: 
(fontspec)                AAT feature 'Numbers=OldStyle' (21,0) not available
(fontspec)                in font 'Palatino'.


Package fontspec Info: 
(fontspec)             Palatino scale = 0.9181296271009339.


Package fontspec Info: 
(fontspec)             Palatino scale = 1.


Package fontspec Warning: 
(fontspec)                AAT feature 'Numbers=OldStyle' (21,0) not available
(fontspec)                in font 'Palatino'.


Package fontspec Info: 
(fontspec)             Palatino/B scale = 0.9181296271009339.


Package fontspec Info: 
(fontspec)             Palatino/B scale = 1.


Package fontspec Warning: 
(fontspec)                AAT feature 'Numbers=OldStyle' (21,0) not available
(fontspec)                in font 'Palatino/B'.


Package fontspec Info: 
(fontspec)             Palatino/I scale = 0.9077818933181495.


Package fontspec Info: 
(fontspec)             Palatino/I scale = 1.


Package fontspec Warning: 
(fontspec)                AAT feature 'Numbers=OldStyle' (21,0) not available
(fontspec)                in font 'Palatino/I'.


Package fontspec Info: 
(fontspec)             Palatino/BI scale = 0.9068529861052063.


Package fontspec Info: 
(fontspec)             Palatino/BI scale = 1.


Package fontspec Warning: 
(fontspec)                AAT feature 'Numbers=OldStyle' (21,0) not available
(fontspec)                in font 'Palatino/BI'.


Package fontspec Info: 
(fontspec)             Font family 'Palatino(0)' created for font 'Palatino'
(fontspec)             with options
(fontspec)             [Scale=MatchLowercase,Ligatures=TeX,Scale=1,Ligatures=Te
X,Numbers=OldStyle].
(fontspec)              
(fontspec)              This font family consists of the following NFSS
(fontspec)             series/shapes:
(fontspec)              
(fontspec)             - 'normal' (m/n) with NFSS spec.:
(fontspec)             <->s*[1]"Palatino/AAT:mapping=tex-text;"
(fontspec)             - 'bold' (b/n) with NFSS spec.:
(fontspec)             <->s*[1]"Palatino/B/AAT:mapping=tex-text;"
(fontspec)             - 'italic' (m/it) with NFSS spec.:
(fontspec)             <->s*[1]"Palatino/I/AAT:mapping=tex-text;"
(fontspec)             - 'bold italic' (b/it) with NFSS spec.:
(fontspec)             <->s*[1]"Palatino/BI/AAT:mapping=tex-text;"

LaTeX Font Info:    Font shape `TU/Palatino(0)/m/n' will be
(Font)              scaled to size 10.95pt on input line 28.

Package fontspec Info: 
(fontspec)             Palatino scale = 0.9999970315310768.


Package fontspec Warning: 
(fontspec)                AAT feature 'Numbers=OldStyle' (21,0) not available
(fontspec)                in font 'Palatino'.


Package fontspec Info: 
(fontspec)             Palatino scale = 0.9999970315310768.


Package fontspec Warning: 
(fontspec)                AAT feature 'Numbers=OldStyle' (21,0) not available
(fontspec)                in font 'Palatino'.


Package fontspec Info: 
(fontspec)             Palatino/B scale = 0.9999970315310768.


Package fontspec Warning: 
(fontspec)                AAT feature 'Numbers=OldStyle' (21,0) not available
(fontspec)                in font 'Palatino/B'.


Package fontspec Info: 
(fontspec)             Palatino/I scale = 0.9887266152843733.


Package fontspec Warning: 
(fontspec)                AAT feature 'Numbers=OldStyle' (21,0) not available
(fontspec)                in font 'Palatino/I'.


Package fontspec Info: 
(fontspec)             Palatino/BI scale = 0.9877148796556646.


Package fontspec Warning: 
(fontspec)                AAT feature 'Numbers=OldStyle' (21,0) not available
(fontspec)                in font 'Palatino/BI'.


Package fontspec Info: 
(fontspec)             Font family 'Palatino(1)' created for font 'Palatino'
(fontspec)             with options
(fontspec)             [Scale=MatchLowercase,Ligatures=TeX,Numbers=OldStyle].
(fontspec)              
(fontspec)              This font family consists of the following NFSS
(fontspec)             series/shapes:
(fontspec)              
(fontspec)             - 'normal' (m/n) with NFSS spec.:
(fontspec)             <->s*[0.9999970315310768]"Palatino/AAT:mapping=tex-text;
"
(fontspec)             - 'bold' (b/n) with NFSS spec.:
(fontspec)             <->s*[0.9999970315310768]"Palatino/B/AAT:mapping=tex-tex
t;"
(fontspec)             - 'italic' (m/it) with NFSS spec.:
(fontspec)             <->s*[0.9887266152843733]"Palatino/I/AAT:mapping=tex-tex
t;"
(fontspec)             - 'bold italic' (b/it) with NFSS spec.:
(fontspec)             <->s*[0.9877148796556646]"Palatino/BI/AAT:mapping=tex-te
xt;"

LaTeX Font Info:    Overwriting math alphabet `\mathrm' in version `normal'
(Font)                  OT1/cmr/m/n --> TU/Palatino(1)/m/n on input line 28.
LaTeX Font Info:    Overwriting math alphabet `\mathit' in version `normal'
(Font)                  OT1/cmr/m/it --> TU/Palatino(1)/m/it on input line 28.
LaTeX Font Info:    Overwriting math alphabet `\mathbf' in version `normal'
(Font)                  OT1/cmr/bx/n --> TU/Palatino(1)/b/n on input line 28.

Package fontspec Info: 
(fontspec)             Helvetica scale = 0.9010262733465819.


Package fontspec Info: 
(fontspec)             Helvetica scale = 0.9010262733465819.


Package fontspec Info: 
(fontspec)             Helvetica scale = 0.9010262733465819.


Package fontspec Info: 
(fontspec)             Helvetica scale = 0.9010262733465819.


Package fontspec Info: 
(fontspec)             Helvetica/B scale = 0.8853197025045333.


Package fontspec Info: 
(fontspec)             Helvetica/B scale = 0.8853197025045333.


Package fontspec Info: 
(fontspec)             Helvetica/I scale = 0.9010262733465819.


Package fontspec Info: 
(fontspec)             Helvetica/I scale = 0.9010262733465819.


Package fontspec Info: 
(fontspec)             Helvetica/BI scale = 0.8733026395607471.


Package fontspec Info: 
(fontspec)             Helvetica/BI scale = 0.8733026395607471.


Package fontspec Info: 
(fontspec)             Font family 'Helvetica(0)' created for font 'Helvetica'
(fontspec)             with options
(fontspec)             [Scale=MatchLowercase,Ligatures=TeX,Scale=MatchLowercase
,Ligatures=TeX].
(fontspec)              
(fontspec)              This font family consists of the following NFSS
(fontspec)             series/shapes:
(fontspec)              
(fontspec)             - 'normal' (m/n) with NFSS spec.:
(fontspec)             <->s*[0.9010262733465819]"Helvetica/AAT:mapping=tex-text
;"
(fontspec)             - 'bold' (b/n) with NFSS spec.:
(fontspec)             <->s*[0.8853197025045333]"Helvetica/B/AAT:mapping=tex-te
xt;"
(fontspec)             - 'italic' (m/it) with NFSS spec.:
(fontspec)             <->s*[0.9010262733465819]"Helvetica/I/AAT:mapping=tex-te
xt;"
(fontspec)             - 'bold italic' (b/it) with NFSS spec.:
(fontspec)             <->s*[0.8733026395607471]"Helvetica/BI/AAT:mapping=tex-t
ext;"


Package fontspec Info: 
(fontspec)             Helvetica scale = 0.9010262733465819.


Package fontspec Info: 
(fontspec)             Helvetica scale = 0.9010262733465819.


Package fontspec Info: 
(fontspec)             Helvetica scale = 0.9010262733465819.


Package fontspec Info: 
(fontspec)             Helvetica scale = 0.9010262733465819.


Package fontspec Info: 
(fontspec)             Helvetica/B scale = 0.8853197025045333.


Package fontspec Info: 
(fontspec)             Helvetica/B scale = 0.8853197025045333.


Package fontspec Info: 
(fontspec)             Helvetica/I scale = 0.9010262733465819.


Package fontspec Info: 
(fontspec)             Helvetica/I scale = 0.9010262733465819.


Package fontspec Info: 
(fontspec)             Helvetica/BI scale = 0.8733026395607471.


Package fontspec Info: 
(fontspec)             Helvetica/BI scale = 0.8733026395607471.


Package fontspec Info: 
(fontspec)             Font family 'Helvetica(1)' created for font 'Helvetica'
(fontspec)             with options
(fontspec)             [Scale=MatchLowercase,Scale=MatchLowercase,Ligatures=TeX
].
(fontspec)              
(fontspec)              This font family consists of the following NFSS
(fontspec)             series/shapes:
(fontspec)              
(fontspec)             - 'normal' (m/n) with NFSS spec.:
(fontspec)             <->s*[0.9010262733465819]"Helvetica/AAT:mapping=tex-text
;"
(fontspec)             - 'bold' (b/n) with NFSS spec.:
(fontspec)             <->s*[0.8853197025045333]"Helvetica/B/AAT:mapping=tex-te
xt;"
(fontspec)             - 'italic' (m/it) with NFSS spec.:
(fontspec)             <->s*[0.9010262733465819]"Helvetica/I/AAT:mapping=tex-te
xt;"
(fontspec)             - 'bold italic' (b/it) with NFSS spec.:
(fontspec)             <->s*[0.8733026395607471]"Helvetica/BI/AAT:mapping=tex-t
ext;"

LaTeX Font Info:    Overwriting math alphabet `\mathsf' in version `normal'
(Font)                  OT1/cmss/m/n --> TU/Helvetica(1)/m/n on input line 32.
LaTeX Font Info:    Overwriting math alphabet `\mathsf' in version `bold'
(Font)                  OT1/cmss/bx/n --> TU/Helvetica(1)/b/n on input line 32.


Package fontspec Info: 
(fontspec)             Menlo scale = 0.8616052360332801.


Package fontspec Info: 
(fontspec)             Menlo scale = 0.8616052360332801.


Package fontspec Info: 
(fontspec)             Menlo scale = 0.8616052360332801.


Package fontspec Info: 
(fontspec)             Menlo scale = 0.8616052360332801.


Package fontspec Info: 
(fontspec)             Menlo/B scale = 0.8616052360332801.


Package fontspec Info: 
(fontspec)             Menlo/B scale = 0.8616052360332801.


Package fontspec Info: 
(fontspec)             Menlo/I scale = 0.8616052360332801.


Package fontspec Info: 
(fontspec)             Menlo/I scale = 0.8616052360332801.


Package fontspec Info: 
(fontspec)             Menlo/BI scale = 0.8616052360332801.


Package fontspec Info: 
(fontspec)             Menlo/BI scale = 0.8616052360332801.


Package fontspec Info: 
(fontspec)             Font family 'Menlo(0)' created for font 'Menlo' with
(fontspec)             options
(fontspec)             [Scale=MatchLowercase,WordSpace={1,0,0},HyphenChar=None,
PunctuationSpace=WordSpace,Scale=MatchLowercase].
(fontspec)              
(fontspec)              This font family consists of the following NFSS
(fontspec)             series/shapes:
(fontspec)              
(fontspec)             - 'normal' (m/n) with NFSS spec.:
(fontspec)             <->s*[0.8616052360332801]"Menlo/AAT"
(fontspec)             - 'bold' (b/n) with NFSS spec.:
(fontspec)             <->s*[0.8616052360332801]"Menlo/B/AAT"
(fontspec)             - 'italic' (m/it) with NFSS spec.:
(fontspec)             <->s*[0.8616052360332801]"Menlo/I/AAT"
(fontspec)             - 'bold italic' (b/it) with NFSS spec.:
(fontspec)             <->s*[0.8616052360332801]"Menlo/BI/AAT"


Package fontspec Info: 
(fontspec)             Menlo scale = 0.8616052360332801.


Package fontspec Info: 
(fontspec)             Menlo scale = 0.8616052360332801.


Package fontspec Info: 
(fontspec)             Menlo scale = 0.8616052360332801.


Package fontspec Info: 
(fontspec)             Menlo scale = 0.8616052360332801.


Package fontspec Info: 
(fontspec)             Menlo/B scale = 0.8616052360332801.


Package fontspec Info: 
(fontspec)             Menlo/B scale = 0.8616052360332801.


Package fontspec Info: 
(fontspec)             Menlo/I scale = 0.8616052360332801.


Package fontspec Info: 
(fontspec)             Menlo/I scale = 0.8616052360332801.


Package fontspec Info: 
(fontspec)             Menlo/BI scale = 0.8616052360332801.


Package fontspec Info: 
(fontspec)             Menlo/BI scale = 0.8616052360332801.


Package fontspec Info: 
(fontspec)             Font family 'Menlo(1)' created for font 'Menlo' with
(fontspec)             options [Scale=MatchLowercase,Scale=MatchLowercase].
(fontspec)              
(fontspec)              This font family consists of the following NFSS
(fontspec)             series/shapes:
(fontspec)              
(fontspec)             - 'normal' (m/n) with NFSS spec.:
(fontspec)             <->s*[0.8616052360332801]"Menlo/AAT"
(fontspec)             - 'bold' (b/n) with NFSS spec.:
(fontspec)             <->s*[0.8616052360332801]"Menlo/B/AAT"
(fontspec)             - 'italic' (m/it) with NFSS spec.:
(fontspec)             <->s*[0.8616052360332801]"Menlo/I/AAT"
(fontspec)             - 'bold italic' (b/it) with NFSS spec.:
(fontspec)             <->s*[0.8616052360332801]"Menlo/BI/AAT"

LaTeX Font Info:    Overwriting math alphabet `\mathtt' in version `normal'
(Font)                  OT1/cmtt/m/n --> TU/Menlo(1)/m/n on input line 35.
LaTeX Font Info:    Overwriting math alphabet `\mathtt' in version `bold'
(Font)                  OT1/cmtt/m/n --> TU/Menlo(1)/b/n on input line 35.
(/usr/local/texlive/2025basic/texmf-dist/tex/latex/microtype/microtype.sty
Package: microtype 2025/02/11 v3.2a Micro-typographical refinements (RS)

(/usr/local/texlive/2025basic/texmf-dist/tex/latex/etoolbox/etoolbox.sty
Package: etoolbox 2025/02/11 v2.5l e-TeX tools for LaTeX (JAW)
\etb@tempcnta=\count298
)
\MT@toks=\toks24
\MT@tempbox=\box55
\MT@count=\count299
LaTeX Info: Redefining \noprotrusionifhmode on input line 1087.
LaTeX Info: Redefining \leftprotrusion on input line 1088.
\MT@prot@toks=\toks25
LaTeX Info: Redefining \rightprotrusion on input line 1107.
LaTeX Info: Redefining \textls on input line 1449.
\MT@outer@kern=\dimen162
LaTeX Info: Redefining \microtypecontext on input line 2053.
LaTeX Info: Redefining \textmicrotypecontext on input line 2070.
\MT@listname@count=\count300

(/usr/local/texlive/2025basic/texmf-dist/tex/latex/microtype/microtype-xetex.de
f
File: microtype-xetex.def 2025/02/11 v3.2a Definitions specific to xetex (RS)
LaTeX Info: Redefining \lsstyle on input line 443.
LaTeX Info: Redefining \lslig on input line 451.
\MT@outer@space=\skip54
)
Package microtype Info: Loading configuration file microtype.cfg.
 (/usr/local/texlive/2025basic/texmf-dist/tex/latex/microtype/microtype.cfg
File: microtype.cfg 2025/02/11 v3.2a microtype main configuration file (RS)
)
LaTeX Info: Redefining \microtypesetup on input line 3065.
) (/usr/local/texlive/2025basic/texmf-dist/tex/latex/xcolor/xcolor.sty
Package: xcolor 2024/09/29 v3.02 LaTeX color extensions (UK)

(/usr/local/texlive/2025basic/texmf-dist/tex/latex/graphics-cfg/color.cfg
File: color.cfg 2016/01/02 v1.6 sample color configuration
)
Package xcolor Info: Driver file: xetex.def on input line 274.

(/usr/local/texlive/2025basic/texmf-dist/tex/latex/graphics-def/xetex.def
File: xetex.def 2022/09/22 v5.0n Graphics/color driver for xetex
)
(/usr/local/texlive/2025basic/texmf-dist/tex/latex/graphics/mathcolor.ltx)
Package xcolor Info: Model `cmy' substituted by `cmy0' on input line 1349.
Package xcolor Info: Model `RGB' extended on input line 1365.
Package xcolor Info: Model `HTML' substituted by `rgb' on input line 1367.
Package xcolor Info: Model `Hsb' substituted by `hsb' on input line 1368.
Package xcolor Info: Model `tHsb' substituted by `hsb' on input line 1369.
Package xcolor Info: Model `HSB' substituted by `hsb' on input line 1370.
Package xcolor Info: Model `Gray' substituted by `gray' on input line 1371.
Package xcolor Info: Model `wave' substituted by `hsb' on input line 1372.
)
(/usr/local/texlive/2025basic/texmf-dist/tex/latex/colortbl/colortbl.sty
Package: colortbl 2024/07/06 v1.0i Color table columns (DPC)

(/usr/local/texlive/2025basic/texmf-dist/tex/latex/tools/array.sty
Package: array 2024/10/17 v2.6g Tabular extension package (FMi)
\col@sep=\dimen163
\ar@mcellbox=\box56
\extrarowheight=\dimen164
\NC@list=\toks26
\extratabsurround=\skip55
\backup@length=\skip56
\ar@cellbox=\box57
)
\everycr=\toks27
\minrowclearance=\skip57
\rownum=\count301
)
(/usr/local/texlive/2025basic/texmf-dist/tex/latex/graphics/dvipsnam.def
File: dvipsnam.def 2016/06/17 v3.0m Driver-dependent file (DPC,SPQR)
)
(/usr/local/texlive/2025basic/texmf-dist/tex/latex/parskip/parskip.sty
Package: parskip 2021-03-14 v2.0h non-zero parskip adjustments

(/usr/local/texlive/2025basic/texmf-dist/tex/latex/kvoptions/kvoptions.sty
Package: kvoptions 2022-06-15 v3.15 Key value format for package options (HO)

(/usr/local/texlive/2025basic/texmf-dist/tex/generic/ltxcmds/ltxcmds.sty
Package: ltxcmds 2023-12-04 v1.26 LaTeX kernel commands for general use (HO)
)
(/usr/local/texlive/2025basic/texmf-dist/tex/latex/kvsetkeys/kvsetkeys.sty
Package: kvsetkeys 2022-10-05 v1.19 Key value parser (HO)
)))
(/usr/local/texlive/2025basic/texmf-dist/tex/latex/tools/longtable.sty
Package: longtable 2024-10-27 v4.22 Multi-page Table package (DPC)
\LTleft=\skip58
\LTright=\skip59
\LTpre=\skip60
\LTpost=\skip61
\LTchunksize=\count302
\LTcapwidth=\dimen165
\LT@head=\box58
\LT@firsthead=\box59
\LT@foot=\box60
\LT@lastfoot=\box61
\LT@gbox=\box62
\LT@cols=\count303
\LT@rows=\count304
\c@LT@tables=\count305
\c@LT@chunks=\count306
\LT@p@ftn=\toks28
)
(/usr/local/texlive/2025basic/texmf-dist/tex/latex/booktabs/booktabs.sty
Package: booktabs 2020/01/12 v1.61803398 Publication quality tables
\heavyrulewidth=\dimen166
\lightrulewidth=\dimen167
\cmidrulewidth=\dimen168
\belowrulesep=\dimen169
\belowbottomsep=\dimen170
\aboverulesep=\dimen171
\abovetopsep=\dimen172
\cmidrulesep=\dimen173
\cmidrulekern=\dimen174
\defaultaddspace=\dimen175
\@cmidla=\count307
\@cmidlb=\count308
\@aboverulesep=\dimen176
\@belowrulesep=\dimen177
\@thisruleclass=\count309
\@lastruleclass=\count310
\@thisrulewidth=\dimen178
)
(/usr/local/texlive/2025basic/texmf-dist/tex/latex/tools/calc.sty
Package: calc 2023/07/08 v4.3 Infix arithmetic (KKT,FJ)
\calc@Acount=\count311
\calc@Bcount=\count312
\calc@Adimen=\dimen179
\calc@Bdimen=\dimen180
\calc@Askip=\skip62
\calc@Bskip=\skip63
LaTeX Info: Redefining \setlength on input line 80.
LaTeX Info: Redefining \addtolength on input line 81.
\calc@Ccount=\count313
\calc@Cskip=\skip64
)
(/usr/local/texlive/2025basic/texmf-dist/tex/latex/threeparttable/threeparttabl
e.sty
Package: threeparttable 2003/06/13  v 3.0
\@tempboxb=\box63
)
(/usr/local/texlive/2025basic/texmf-dist/tex/latex/footnotehyper/footnotehyper.
sty
Package: footnotehyper 2021/08/13 v1.1e hyperref aware footnote.sty (JFB)
\FNH@notes=\box64
\FNH@width=\dimen181
\FNH@toks=\toks29
) (/usr/local/texlive/2025basic/texmf-dist/tex/latex/graphics/graphicx.sty
Package: graphicx 2021/09/16 v1.2d Enhanced LaTeX Graphics (DPC,SPQR)

(/usr/local/texlive/2025basic/texmf-dist/tex/latex/graphics/graphics.sty
Package: graphics 2024/08/06 v1.4g Standard LaTeX Graphics (DPC,SPQR)

(/usr/local/texlive/2025basic/texmf-dist/tex/latex/graphics/trig.sty
Package: trig 2023/12/02 v1.11 sin cos tan (DPC)
)
(/usr/local/texlive/2025basic/texmf-dist/tex/latex/graphics-cfg/graphics.cfg
File: graphics.cfg 2016/06/04 v1.11 sample graphics configuration
)
Package graphics Info: Driver file: xetex.def on input line 106.
)
\Gin@req@height=\dimen182
\Gin@req@width=\dimen183
) (/usr/local/texlive/2025basic/texmf-dist/tex/latex/caption/caption.sty
Package: caption 2023/08/05 v3.6o Customizing captions (AR)

(/usr/local/texlive/2025basic/texmf-dist/tex/latex/caption/caption3.sty
Package: caption3 2023/07/31 v2.4d caption3 kernel (AR)
\caption@tempdima=\dimen184
\captionmargin=\dimen185
\caption@leftmargin=\dimen186
\caption@rightmargin=\dimen187
\caption@width=\dimen188
\caption@indent=\dimen189
\caption@parindent=\dimen190
\caption@hangindent=\dimen191
Package caption Info: Standard document class detected.
)
\c@caption@flags=\count314
\c@continuedfloat=\count315
Package caption Info: longtable package is loaded.

(/usr/local/texlive/2025basic/texmf-dist/tex/latex/caption/ltcaption.sty
Package: ltcaption 2021/01/08 v1.4c longtable captions (AR)
)
Package caption Info: threeparttable package is loaded.
)
\pandoc@box=\box65

(/usr/local/texlive/2025basic/texmf-dist/tex/latex/titlesec/titlesec.sty
Package: titlesec 2025/01/04 v2.17 Sectioning titles
\ttl@box=\box66
\beforetitleunit=\skip65
\aftertitleunit=\skip66
\ttl@plus=\dimen192
\ttl@minus=\dimen193
\ttl@toksa=\toks30
\titlewidth=\dimen194
\titlewidthlast=\dimen195
\titlewidthfirst=\dimen196
)
(/usr/local/texlive/2025basic/texmf-dist/tex/latex/fancyhdr/fancyhdr.sty
Package: fancyhdr 2025/02/07 v5.2 Extensive control of page headers and footers

\f@nch@headwidth=\skip67
\f@nch@offset@elh=\skip68
\f@nch@offset@erh=\skip69
\f@nch@offset@olh=\skip70
\f@nch@offset@orh=\skip71
\f@nch@offset@elf=\skip72
\f@nch@offset@erf=\skip73
\f@nch@offset@olf=\skip74
\f@nch@offset@orf=\skip75
\f@nch@height=\skip76
\f@nch@footalignment=\skip77
\f@nch@widthL=\skip78
\f@nch@widthC=\skip79
\f@nch@widthR=\skip80
\@temptokenb=\toks31
)
(/usr/local/texlive/2025basic/texmf-dist/tex/latex/enumitem/enumitem.sty
Package: enumitem 2025/02/06 v3.11 Customized lists
\labelindent=\skip81
\enit@outerparindent=\dimen197
\enit@toks=\toks32
\enit@inbox=\box67
\enit@count@id=\count316
\enitdp@description=\count317
)
(/usr/local/texlive/2025basic/texmf-dist/tex/latex/bookmark/bookmark.sty
Package: bookmark 2023-12-10 v1.31 PDF bookmarks (HO)

(/usr/local/texlive/2025basic/texmf-dist/tex/latex/hyperref/hyperref.sty
Package: hyperref 2024-11-05 v7.01l Hypertext links for LaTeX

(/usr/local/texlive/2025basic/texmf-dist/tex/generic/kvdefinekeys/kvdefinekeys.
sty
Package: kvdefinekeys 2019-12-19 v1.6 Define keys (HO)
)
(/usr/local/texlive/2025basic/texmf-dist/tex/generic/pdfescape/pdfescape.sty
Package: pdfescape 2019/12/09 v1.15 Implements pdfTeX's escape features (HO)

(/usr/local/texlive/2025basic/texmf-dist/tex/generic/pdftexcmds/pdftexcmds.sty
Package: pdftexcmds 2020-06-27 v0.33 Utility functions of pdfTeX for LuaTeX (HO
)

(/usr/local/texlive/2025basic/texmf-dist/tex/generic/infwarerr/infwarerr.sty
Package: infwarerr 2019/12/03 v1.5 Providing info/warning/error messages (HO)
)
Package pdftexcmds Info: \pdf@primitive is available.
Package pdftexcmds Info: \pdf@ifprimitive is available.
Package pdftexcmds Info: \pdfdraftmode not found.
)) (/usr/local/texlive/2025basic/texmf-dist/tex/latex/hycolor/hycolor.sty
Package: hycolor 2020-01-27 v1.10 Color options for hyperref/bookmark (HO)
)
(/usr/local/texlive/2025basic/texmf-dist/tex/latex/hyperref/nameref.sty
Package: nameref 2023-11-26 v2.56 Cross-referencing by name of section

(/usr/local/texlive/2025basic/texmf-dist/tex/latex/refcount/refcount.sty
Package: refcount 2019/12/15 v3.6 Data extraction from label references (HO)
)
(/usr/local/texlive/2025basic/texmf-dist/tex/generic/gettitlestring/gettitlestr
ing.sty
Package: gettitlestring 2019/12/15 v1.6 Cleanup title references (HO)
)
\c@section@level=\count318
)
(/usr/local/texlive/2025basic/texmf-dist/tex/generic/stringenc/stringenc.sty
Package: stringenc 2019/11/29 v1.12 Convert strings between diff. encodings (HO
)
)
\@linkdim=\dimen198
\Hy@linkcounter=\count319
\Hy@pagecounter=\count320

(/usr/local/texlive/2025basic/texmf-dist/tex/latex/hyperref/pd1enc.def
File: pd1enc.def 2024-11-05 v7.01l Hyperref: PDFDocEncoding definition (HO)
)
(/usr/local/texlive/2025basic/texmf-dist/tex/generic/intcalc/intcalc.sty
Package: intcalc 2019/12/15 v1.3 Expandable calculations with integers (HO)
)
\Hy@SavedSpaceFactor=\count321

(/usr/local/texlive/2025basic/texmf-dist/tex/latex/hyperref/puenc.def
File: puenc.def 2024-11-05 v7.01l Hyperref: PDF Unicode definition (HO)
)
Package hyperref Info: Option `unicode' set `true' on input line 4040.
Package hyperref Info: Hyper figures OFF on input line 4157.
Package hyperref Info: Link nesting OFF on input line 4162.
Package hyperref Info: Hyper index ON on input line 4165.
Package hyperref Info: Plain pages OFF on input line 4172.
Package hyperref Info: Backreferencing OFF on input line 4177.
Package hyperref Info: Implicit mode ON; LaTeX internals redefined.
Package hyperref Info: Bookmarks ON on input line 4424.
\c@Hy@tempcnt=\count322

(/usr/local/texlive/2025basic/texmf-dist/tex/latex/url/url.sty
\Urlmuskip=\muskip19
Package: url 2013/09/16  ver 3.4  Verb mode for urls, etc.
)
LaTeX Info: Redefining \url on input line 4763.
\XeTeXLinkMargin=\dimen199

(/usr/local/texlive/2025basic/texmf-dist/tex/generic/bitset/bitset.sty
Package: bitset 2019/12/09 v1.3 Handle bit-vector datatype (HO)

(/usr/local/texlive/2025basic/texmf-dist/tex/generic/bigintcalc/bigintcalc.sty
Package: bigintcalc 2019/12/15 v1.5 Expandable calculations on big integers (HO
)
))
\Fld@menulength=\count323
\Field@Width=\dimen256
\Fld@charsize=\dimen257
Package hyperref Info: Hyper figures OFF on input line 6042.
Package hyperref Info: Link nesting OFF on input line 6047.
Package hyperref Info: Hyper index ON on input line 6050.
Package hyperref Info: backreferencing OFF on input line 6057.
Package hyperref Info: Link coloring OFF on input line 6062.
Package hyperref Info: Link coloring with OCG OFF on input line 6067.
Package hyperref Info: PDF/A mode OFF on input line 6072.
 (/usr/local/texlive/2025basic/texmf-dist/tex/latex/base/atbegshi-ltx.sty
Package: atbegshi-ltx 2021/01/10 v1.0c Emulation of the original atbegshi
package with kernel methods
)
\Hy@abspage=\count324
\c@Item=\count325
\c@Hfootnote=\count326
)
Package hyperref Info: Driver (autodetected): hxetex.

(/usr/local/texlive/2025basic/texmf-dist/tex/latex/hyperref/hxetex.def
File: hxetex.def 2024-11-05 v7.01l Hyperref driver for XeTeX
\pdfm@box=\box68
\c@Hy@AnnotLevel=\count327
\HyField@AnnotCount=\count328
\Fld@listcount=\count329
\c@bookmark@seq@number=\count330

(/usr/local/texlive/2025basic/texmf-dist/tex/latex/rerunfilecheck/rerunfilechec
k.sty
Package: rerunfilecheck 2022-07-10 v1.10 Rerun checks for auxiliary files (HO)
 (/usr/local/texlive/2025basic/texmf-dist/tex/latex/base/atveryend-ltx.sty
Package: atveryend-ltx 2020/08/19 v1.0a Emulation of the original atveryend pac
kage
with kernel methods
)
(/usr/local/texlive/2025basic/texmf-dist/tex/generic/uniquecounter/uniquecounte
r.sty
Package: uniquecounter 2019/12/15 v1.4 Provide unlimited unique counter (HO)
)
Package uniquecounter Info: New unique counter `rerunfilecheck' on input line 2
85.
)
\Hy@SectionHShift=\skip82
)
(/usr/local/texlive/2025basic/texmf-dist/tex/latex/bookmark/bkm-dvipdfm.def
File: bkm-dvipdfm.def 2023-12-10 v1.31 bookmark driver for dvipdfm (HO)
\BKM@id=\count331
))
Package hyperref Info: Option `colorlinks' set `true' on input line 144.

(/usr/local/texlive/2025basic/texmf-dist/tex/latex/pdflscape/pdflscape.sty
Package: pdflscape 2022-10-27 v0.13 Display of landscape pages in PDF

(/usr/local/texlive/2025basic/texmf-dist/tex/latex/pdflscape/pdflscape-nometada
ta.sty
Package: pdflscape-nometadata 2022-10-28 v0.13 Display of landscape pages in PD
F (HO)
 (/usr/local/texlive/2025basic/texmf-dist/tex/latex/graphics/lscape.sty
Package: lscape 2020/05/28 v3.02 Landscape Pages (DPC)
)
Package pdflscape Info: Auto-detected driver: dvipdfm (xetex) on input line 98.

)) (/usr/local/texlive/2025basic/texmf-dist/tex/latex/cleveref/cleveref.sty
Package: cleveref 2018/03/27 v0.21.4 Intelligent cross-referencing
Package cleveref Info: `hyperref' support loaded on input line 2370.
LaTeX Info: Redefining \cref on input line 2370.
LaTeX Info: Redefining \Cref on input line 2370.
LaTeX Info: Redefining \crefrange on input line 2370.
LaTeX Info: Redefining \Crefrange on input line 2370.
LaTeX Info: Redefining \cpageref on input line 2370.
LaTeX Info: Redefining \Cpageref on input line 2370.
LaTeX Info: Redefining \cpagerefrange on input line 2370.
LaTeX Info: Redefining \Cpagerefrange on input line 2370.
LaTeX Info: Redefining \labelcref on input line 2370.
LaTeX Info: Redefining \labelcpageref on input line 2370.
Package cleveref Info: include cross-reference names in hyperlinks on input lin
e 7836.
Package cleveref Info: include cross-reference names in hyperlinks on input lin
e 7852.
Package cleveref Info: no abbreviation of names on input line 7852.
)
(/usr/local/texlive/2025basic/texmf-dist/tex/latex/upquote/upquote.sty
Package: upquote 2012/04/19 v1.3 upright-quote and grave-accent glyphs in verba
tim

(/usr/local/texlive/2025basic/texmf-dist/tex/latex/base/textcomp.sty
Package: textcomp 2024/04/24 v2.1b Standard LaTeX package
))
(./NepenthePaper.aux)
\openout1 = `NepenthePaper.aux'.

LaTeX Font Info:    Checking defaults for OML/cmm/m/it on input line 154.
LaTeX Font Info:    ... okay on input line 154.
LaTeX Font Info:    Checking defaults for OMS/cmsy/m/n on input line 154.
LaTeX Font Info:    ... okay on input line 154.
LaTeX Font Info:    Checking defaults for OT1/cmr/m/n on input line 154.
LaTeX Font Info:    ... okay on input line 154.
LaTeX Font Info:    Checking defaults for T1/cmr/m/n on input line 154.
LaTeX Font Info:    ... okay on input line 154.
LaTeX Font Info:    Checking defaults for TS1/cmr/m/n on input line 154.
LaTeX Font Info:    ... okay on input line 154.
LaTeX Font Info:    Checking defaults for TU/lmr/m/n on input line 154.
LaTeX Font Info:    ... okay on input line 154.
LaTeX Font Info:    Checking defaults for OMX/cmex/m/n on input line 154.
LaTeX Font Info:    ... okay on input line 154.
LaTeX Font Info:    Checking defaults for U/cmr/m/n on input line 154.
LaTeX Font Info:    ... okay on input line 154.
LaTeX Font Info:    Checking defaults for PD1/pdf/m/n on input line 154.
LaTeX Font Info:    ... okay on input line 154.
LaTeX Font Info:    Checking defaults for PU/pdf/m/n on input line 154.
LaTeX Font Info:    ... okay on input line 154.

*geometry* driver: auto-detecting
*geometry* detected driver: xetex
*geometry* verbose mode - [ preamble ] result:
* driver: xetex
* paper: a4paper
* layout: <same size as paper>
* layoutoffset:(h,v)=(0.0pt,0.0pt)
* hratio: 1:1
* vratio: 1:1
* modes: 
* h-part:(L,W,R)=(100.01144pt, 397.48499pt, 100.01144pt)
* v-part:(T,H,B)=(97.30843pt, 650.43pt, 97.30843pt)
* \paperwidth=597.50787pt
* \paperheight=845.04684pt
* \textwidth=397.48499pt
* \textheight=650.43pt
* \oddsidemargin=27.74146pt
* \evensidemargin=27.74146pt
* \topmargin=-13.96156pt
* \headheight=14.0pt
* \headsep=25.0pt
* \topskip=11.0pt
* \footskip=30.0pt
* \marginparwidth=50.0pt
* \marginparsep=10.0pt
* \columnsep=10.0pt
* \skip\footins=10.0pt plus 4.0pt minus 2.0pt
* \hoffset=0.0pt
* \voffset=0.0pt
* \mag=1000
* \@twocolumnfalse
* \@twosidefalse
* \@mparswitchfalse
* \@reversemarginfalse
* (1in=72.27pt=25.4mm, 1cm=28.453pt)


Package fontspec Info: 
(fontspec)             latinmodern-math scale = 1.089164066667744.


Package fontspec Info: 
(fontspec)             latinmodern-math scale = 1.089164066667744.


Package fontspec Info: 
(fontspec)             latinmodern-math scale = 1.089164066667744.


Package fontspec Info: 
(fontspec)             Font family 'latinmodern-math.otf(0)' created for font
(fontspec)             'latinmodern-math.otf' with options
(fontspec)             [Scale=MatchLowercase,BoldItalicFont={},ItalicFont={},Sm
allCapsFont={},Script=Math,BoldFont={latinmodern-math.otf}].
(fontspec)              
(fontspec)              This font family consists of the following NFSS
(fontspec)             series/shapes:
(fontspec)              
(fontspec)             - 'normal' (m/n) with NFSS spec.:
(fontspec)             <->s*[1.089164066667744]"[latinmodern-math.otf]/OT:scrip
t=math;language=dflt;"
(fontspec)             - 'bold' (b/n) with NFSS spec.:
(fontspec)             <->s*[1.089164066667744]"[latinmodern-math.otf]/OT:scrip
t=math;language=dflt;"

LaTeX Font Info:    Font shape `TU/latinmodern-math.otf(0)/m/n' will be
(Font)              scaled to size 11.92625pt on input line 154.

Package fontspec Info: 
(fontspec)             latinmodern-math scale = 1.089164066667744.


Package fontspec Info: 
(fontspec)             latinmodern-math scale = 1.089164066667744.


Package fontspec Info: 
(fontspec)             latinmodern-math scale = 1.089164066667744.


Package fontspec Info: 
(fontspec)             latinmodern-math scale = 1.089164066667744.


Package fontspec Info: 
(fontspec)             latinmodern-math scale = 1.089164066667744.


Package fontspec Info: 
(fontspec)             Font family 'latinmodern-math.otf(1)' created for font
(fontspec)             'latinmodern-math.otf' with options
(fontspec)             [Scale=MatchLowercase,BoldItalicFont={},ItalicFont={},Sm
allCapsFont={},Script=Math,SizeFeatures={{Size=9.3075-},{Size=6.57-9.3075,Font=
latinmodern-math.otf,Style=MathScript},{Size=-6.57,Font=latinmodern-math.otf,St
yle=MathScriptScript}},BoldFont={latinmodern-math.otf}].
(fontspec)              
(fontspec)              This font family consists of the following NFSS
(fontspec)             series/shapes:
(fontspec)              
(fontspec)             - 'normal' (m/n) with NFSS spec.:
(fontspec)             <9.3075->s*[1.089164066667744]"[latinmodern-math.otf]/OT
:script=math;language=dflt;"<6.57-9.3075>s*[1.089164066667744]"[latinmodern-mat
h.otf]/OT:script=math;language=dflt;+ssty=0;"<-6.57>s*[1.089164066667744]"[lati
nmodern-math.otf]/OT:script=math;language=dflt;+ssty=1;"
(fontspec)             - 'bold' (b/n) with NFSS spec.:
(fontspec)             <->s*[1.089164066667744]"[latinmodern-math.otf]/OT:scrip
t=math;language=dflt;"

LaTeX Font Info:    Font shape `TU/latinmodern-math.otf(1)/m/n' will be
(Font)              scaled to size 11.92625pt on input line 154.
LaTeX Font Info:    Encoding `OT1' has changed to `TU' for symbol font
(Font)              `operators' in the math version `normal' on input line 154.

LaTeX Font Info:    Overwriting symbol font `operators' in version `normal'
(Font)                  OT1/cmr/m/n --> TU/latinmodern-math.otf(1)/m/n on input
 line 154.
LaTeX Font Info:    Encoding `OT1' has changed to `TU' for symbol font
(Font)              `operators' in the math version `bold' on input line 154.
LaTeX Font Info:    Overwriting symbol font `operators' in version `bold'
(Font)                  OT1/cmr/bx/n --> TU/latinmodern-math.otf(1)/b/n on inpu
t line 154.

Package fontspec Info: 
(fontspec)             latinmodern-math scale = 1.089164066667744.


Package fontspec Info: 
(fontspec)             latinmodern-math scale = 1.089272983074411.


Package fontspec Info: 
(fontspec)             latinmodern-math scale = 1.089164066667744.


Package fontspec Info: 
(fontspec)             latinmodern-math scale = 1.089272983074411.


Package fontspec Info: 
(fontspec)             latinmodern-math scale = 1.089164066667744.


Package fontspec Info: 
(fontspec)             latinmodern-math scale = 1.089272983074411.


Package fontspec Info: 
(fontspec)             latinmodern-math scale = 1.089164066667744.


Package fontspec Info: 
(fontspec)             latinmodern-math scale = 1.089272983074411.


Package fontspec Info: 
(fontspec)             latinmodern-math scale = 1.089164066667744.


Package fontspec Info: 
(fontspec)             latinmodern-math scale = 1.089272983074411.


Package fontspec Info: 
(fontspec)             Font family 'latinmodern-math.otf(2)' created for font
(fontspec)             'latinmodern-math.otf' with options
(fontspec)             [Scale=MatchLowercase,BoldItalicFont={},ItalicFont={},Sm
allCapsFont={},Script=Math,SizeFeatures={{Size=9.3075-},{Size=6.57-9.3075,Font=
latinmodern-math.otf,Style=MathScript},{Size=-6.57,Font=latinmodern-math.otf,St
yle=MathScriptScript}},BoldFont={latinmodern-math.otf},ScaleAgain=1.0001,FontAd
justment={\fontdimen
(fontspec)             8\font =8.07408pt\relax \fontdimen 9\font
(fontspec)             =4.69894pt\relax \fontdimen 10\font =5.29526pt\relax
(fontspec)             \fontdimen 11\font =8.18141pt\relax \fontdimen 12\font
(fontspec)             =4.11456pt\relax \fontdimen 13\font =4.32922pt\relax
(fontspec)             \fontdimen 14\font =4.32922pt\relax \fontdimen 15\font
(fontspec)             =3.44669pt\relax \fontdimen 16\font =2.94579pt\relax
(fontspec)             \fontdimen 17\font =2.94579pt\relax \fontdimen 18\font
(fontspec)             =2.98157pt\relax \fontdimen 19\font =2.38525pt\relax
(fontspec)             \fontdimen 22\font =2.98157pt\relax \fontdimen 20\font
(fontspec)             =0pt\relax \fontdimen 21\font =0pt\relax }].
(fontspec)              
(fontspec)              This font family consists of the following NFSS
(fontspec)             series/shapes:
(fontspec)              
(fontspec)             - 'normal' (m/n) with NFSS spec.:
(fontspec)             <9.3075->s*[1.089272983074411]"[latinmodern-math.otf]/OT
:script=math;language=dflt;"<6.57-9.3075>s*[1.089272983074411]"[latinmodern-mat
h.otf]/OT:script=math;language=dflt;+ssty=0;"<-6.57>s*[1.089272983074411]"[lati
nmodern-math.otf]/OT:script=math;language=dflt;+ssty=1;"
(fontspec)             - 'bold' (b/n) with NFSS spec.:
(fontspec)             <->s*[1.089272983074411]"[latinmodern-math.otf]/OT:scrip
t=math;language=dflt;"

LaTeX Font Info:    Encoding `OMS' has changed to `TU' for symbol font
(Font)              `symbols' in the math version `normal' on input line 154.
LaTeX Font Info:    Overwriting symbol font `symbols' in version `normal'
(Font)                  OMS/cmsy/m/n --> TU/latinmodern-math.otf(2)/m/n on inpu
t line 154.
LaTeX Font Info:    Encoding `OMS' has changed to `TU' for symbol font
(Font)              `symbols' in the math version `bold' on input line 154.
LaTeX Font Info:    Overwriting symbol font `symbols' in version `bold'
(Font)                  OMS/cmsy/b/n --> TU/latinmodern-math.otf(2)/b/n on inpu
t line 154.

Package fontspec Info: 
(fontspec)             latinmodern-math scale = 1.089164066667744.


Package fontspec Info: 
(fontspec)             latinmodern-math scale = 1.089055150261077.


Package fontspec Info: 
(fontspec)             latinmodern-math scale = 1.089164066667744.


Package fontspec Info: 
(fontspec)             latinmodern-math scale = 1.089055150261077.


Package fontspec Info: 
(fontspec)             latinmodern-math scale = 1.089164066667744.


Package fontspec Info: 
(fontspec)             latinmodern-math scale = 1.089055150261077.


Package fontspec Info: 
(fontspec)             latinmodern-math scale = 1.089164066667744.


Package fontspec Info: 
(fontspec)             latinmodern-math scale = 1.089055150261077.


Package fontspec Info: 
(fontspec)             latinmodern-math scale = 1.089164066667744.


Package fontspec Info: 
(fontspec)             latinmodern-math scale = 1.089055150261077.


Package fontspec Info: 
(fontspec)             Font family 'latinmodern-math.otf(3)' created for font
(fontspec)             'latinmodern-math.otf' with options
(fontspec)             [Scale=MatchLowercase,BoldItalicFont={},ItalicFont={},Sm
allCapsFont={},Script=Math,SizeFeatures={{Size=9.3075-},{Size=6.57-9.3075,Font=
latinmodern-math.otf,Style=MathScript},{Size=-6.57,Font=latinmodern-math.otf,St
yle=MathScriptScript}},BoldFont={latinmodern-math.otf},ScaleAgain=0.9999,FontAd
justment={\fontdimen
(fontspec)             8\font =0.47705pt\relax \fontdimen 9\font
(fontspec)             =2.38525pt\relax \fontdimen 10\font =1.99168pt\relax
(fontspec)             \fontdimen 11\font =1.3238pt\relax \fontdimen 12\font
(fontspec)             =7.15575pt\relax \fontdimen 13\font =0pt\relax }].
(fontspec)              
(fontspec)              This font family consists of the following NFSS
(fontspec)             series/shapes:
(fontspec)              
(fontspec)             - 'normal' (m/n) with NFSS spec.:
(fontspec)             <9.3075->s*[1.089055150261077]"[latinmodern-math.otf]/OT
:script=math;language=dflt;"<6.57-9.3075>s*[1.089055150261077]"[latinmodern-mat
h.otf]/OT:script=math;language=dflt;+ssty=0;"<-6.57>s*[1.089055150261077]"[lati
nmodern-math.otf]/OT:script=math;language=dflt;+ssty=1;"
(fontspec)             - 'bold' (b/n) with NFSS spec.:
(fontspec)             <->s*[1.089055150261077]"[latinmodern-math.otf]/OT:scrip
t=math;language=dflt;"

LaTeX Font Info:    Encoding `OMX' has changed to `TU' for symbol font
(Font)              `largesymbols' in the math version `normal' on input line 1
54.
LaTeX Font Info:    Overwriting symbol font `largesymbols' in version `normal'
(Font)                  OMX/cmex/m/n --> TU/latinmodern-math.otf(3)/m/n on inpu
t line 154.
LaTeX Font Info:    Encoding `OMX' has changed to `TU' for symbol font
(Font)              `largesymbols' in the math version `bold' on input line 154
.
LaTeX Font Info:    Overwriting symbol font `largesymbols' in version `bold'
(Font)                  OMX/cmex/m/n --> TU/latinmodern-math.otf(3)/b/n on inpu
t line 154.
LaTeX Info: Redefining \microtypecontext on input line 154.
Package microtype Info: Applying patch `item' on input line 154.
Package microtype Info: Applying patch `toc' on input line 154.
Package microtype Info: Applying patch `eqnum' on input line 154.
Package microtype Info: Applying patch `footnote' on input line 154.
Package microtype Info: Applying patch `verbatim' on input line 154.
LaTeX Info: Redefining \microtypesetup on input line 154.
Package microtype Info: Character protrusion enabled (level 2).
Package microtype Info: Using protrusion set `basicmath'.
Package microtype Info: No adjustment of tracking.
Package microtype Info: No adjustment of spacing.
Package microtype Info: No adjustment of kerning.
(/usr/local/texlive/2025basic/texmf-dist/tex/latex/microtype/mt-Palatino.cfg
File: mt-Palatino.cfg 2012/03/10 v1.0 microtype config. file: Palatino and simi
lar fonts (LBD)
)
Package microtype Info: Character `Ꜳ' is missing
(microtype)             in font `\TU/Palatino(0)/m/n/10.95'.
(microtype)             Ignoring protrusion settings for this character.
Package microtype Info: Character `Ỻ' is missing
(microtype)             in font `\TU/Palatino(0)/m/n/10.95'.
(microtype)             Ignoring protrusion settings for this character.
Package microtype Info: Character `ớ' is missing
(microtype)             in font `\TU/Palatino(0)/m/n/10.95'.
(microtype)             Ignoring protrusion settings for this character.
Package microtype Info: Character `\textservicemark ' is missing
(microtype)             in font `\TU/Palatino(0)/m/n/10.95'.
(microtype)             Ignoring protrusion settings for this character.
Package footnotehyper Info: Using the \@makefntext{} approach (see doc).
(footnotehyper)    In case of dysfunctional footnote environments, you can
(footnotehyper)    try sending the author a small illustrative document.
(footnotehyper)    To turn off this message, add \footnotehyperwarnfalse
(footnotehyper)    to the preamble.
Package caption Info: Begin \AtBeginDocument code.
Package caption Info: hyperref package is loaded.
Package caption Info: End \AtBeginDocument code.
Package hyperref Info: Link coloring ON on input line 154.
LaTeX Font Info:    Font shape `TU/Palatino(0)/m/n' will be
(Font)              scaled to size 17.28pt on input line 158.
LaTeX Font Info:    Font shape `TU/Palatino(0)/m/n' will be
(Font)              scaled to size 12.0pt on input line 158.
Package microtype Info: Character `\textservicemark ' is missing
(microtype)             in font `\TU/Palatino(0)/m/n/12'.
(microtype)             Ignoring protrusion settings for this character.
LaTeX Font Info:    Font shape `TU/latinmodern-math.otf(1)/m/n' will be
(Font)              scaled to size 13.06989pt on input line 158.
LaTeX Font Info:    Font shape `TU/latinmodern-math.otf(1)/m/n' will be
(Font)              scaled to size 8.71326pt on input line 158.
LaTeX Font Info:    Font shape `TU/latinmodern-math.otf(1)/m/n' will be
(Font)              scaled to size 6.53494pt on input line 158.
LaTeX Font Info:    Font shape `TU/latinmodern-math.otf(2)/m/n' will be
(Font)              scaled to size 13.07135pt on input line 158.
LaTeX Font Info:    Font shape `TU/latinmodern-math.otf(2)/m/n' will be
(Font)              scaled to size 8.71423pt on input line 158.
LaTeX Font Info:    Font shape `TU/latinmodern-math.otf(2)/m/n' will be
(Font)              scaled to size 6.53568pt on input line 158.
LaTeX Font Info:    Font shape `TU/latinmodern-math.otf(3)/m/n' will be
(Font)              scaled to size 13.0686pt on input line 158.
LaTeX Font Info:    Font shape `TU/latinmodern-math.otf(3)/m/n' will be
(Font)              scaled to size 8.7124pt on input line 158.
LaTeX Font Info:    Font shape `TU/latinmodern-math.otf(3)/m/n' will be
(Font)              scaled to size 6.5343pt on input line 158.
LaTeX Font Info:    Trying to load font information for U+msa on input line 158
.

(/usr/local/texlive/2025basic/texmf-dist/tex/latex/amsfonts/umsa.fd
File: umsa.fd 2013/01/14 v3.01 AMS symbols A
)
(/usr/local/texlive/2025basic/texmf-dist/tex/latex/microtype/mt-msa.cfg
File: mt-msa.cfg 2006/02/04 v1.1 microtype config. file: AMS symbols (a) (RS)
)
LaTeX Font Info:    Trying to load font information for U+msb on input line 158
.

(/usr/local/texlive/2025basic/texmf-dist/tex/latex/amsfonts/umsb.fd
File: umsb.fd 2013/01/14 v3.01 AMS symbols B
)
(/usr/local/texlive/2025basic/texmf-dist/tex/latex/microtype/mt-msb.cfg
File: mt-msb.cfg 2005/06/01 v1.0 microtype config. file: AMS symbols (b) (RS)
)
LaTeX Font Info:    Font shape `TU/Palatino(0)/m/n' will be
(Font)              scaled to size 8.0pt on input line 158.
LaTeX Font Info:    Font shape `TU/Palatino(0)/m/n' will be
(Font)              scaled to size 10.0pt on input line 159.
Package microtype Info: Character `\textservicemark ' is missing
(microtype)             in font `\TU/Palatino(0)/m/n/10'.
(microtype)             Ignoring protrusion settings for this character.
LaTeX Font Info:    Font shape `TU/Palatino(0)/m/it' will be
(Font)              scaled to size 10.0pt on input line 159.
LaTeX Font Info:    Font shape `TU/latinmodern-math.otf(1)/m/n' will be
(Font)              scaled to size 10.89157pt on input line 159.
LaTeX Font Info:    Font shape `TU/latinmodern-math.otf(1)/m/n' will be
(Font)              scaled to size 7.6241pt on input line 159.
LaTeX Font Info:    Font shape `TU/latinmodern-math.otf(1)/m/n' will be
(Font)              scaled to size 5.44579pt on input line 159.
LaTeX Font Info:    Font shape `TU/latinmodern-math.otf(2)/m/n' will be
(Font)              scaled to size 10.89279pt on input line 159.
LaTeX Font Info:    Font shape `TU/latinmodern-math.otf(2)/m/n' will be
(Font)              scaled to size 7.62495pt on input line 159.
LaTeX Font Info:    Font shape `TU/latinmodern-math.otf(2)/m/n' will be
(Font)              scaled to size 5.4464pt on input line 159.
LaTeX Font Info:    Font shape `TU/latinmodern-math.otf(3)/m/n' will be
(Font)              scaled to size 10.8905pt on input line 159.
LaTeX Font Info:    Font shape `TU/latinmodern-math.otf(3)/m/n' will be
(Font)              scaled to size 7.62335pt on input line 159.
LaTeX Font Info:    Font shape `TU/latinmodern-math.otf(3)/m/n' will be
(Font)              scaled to size 5.44525pt on input line 159.
LaTeX Font Info:    Font shape `TU/Palatino(0)/m/it' will be
(Font)              scaled to size 7.0pt on input line 159.
LaTeX Font Info:    Font shape `TU/Palatino(0)/m/n' will be
(Font)              scaled to size 14.4pt on input line 164.
LaTeX Font Info:    Font shape `TU/Helvetica(0)/m/n' will be
(Font)              scaled to size 12.97484pt on input line 164.
LaTeX Font Info:    Font shape `TU/Helvetica(0)/b/n' will be
(Font)              scaled to size 12.74852pt on input line 164.
LaTeX Font Info:    Font shape `TU/Helvetica(0)/m/n' will be
(Font)              scaled to size 10.81238pt on input line 166.
Package microtype Info: Loading generic protrusion settings for font family
(microtype)             `Helvetica' (encoding: TU).
(microtype)             For optimal results, create family-specific settings.
(microtype)             See the microtype manual for details.
LaTeX Font Info:    Font shape `TU/Helvetica(0)/b/n' will be
(Font)              scaled to size 10.62378pt on input line 166.
LaTeX Font Info:    Font shape `TU/latinmodern-math.otf(1)/m/n' will be
(Font)              scaled to size 8.34837pt on input line 188.
LaTeX Font Info:    Font shape `TU/latinmodern-math.otf(1)/m/n' will be
(Font)              scaled to size 5.96313pt on input line 188.
LaTeX Font Info:    Font shape `TU/latinmodern-math.otf(2)/m/n' will be
(Font)              scaled to size 11.9276pt on input line 188.
LaTeX Font Info:    Font shape `TU/latinmodern-math.otf(2)/m/n' will be
(Font)              scaled to size 8.3493pt on input line 188.
LaTeX Font Info:    Font shape `TU/latinmodern-math.otf(2)/m/n' will be
(Font)              scaled to size 5.9638pt on input line 188.
LaTeX Font Info:    Font shape `TU/latinmodern-math.otf(3)/m/n' will be
(Font)              scaled to size 11.9251pt on input line 188.
LaTeX Font Info:    Font shape `TU/latinmodern-math.otf(3)/m/n' will be
(Font)              scaled to size 8.34755pt on input line 188.
LaTeX Font Info:    Font shape `TU/latinmodern-math.otf(3)/m/n' will be
(Font)              scaled to size 5.96255pt on input line 188.


[1

]
LaTeX Font Info:    Font shape `TU/Helvetica(0)/m/n' will be
(Font)              scaled to size 9.01031pt on input line 219.
LaTeX Font Info:    Font shape `TU/Helvetica(0)/b/n' will be
(Font)              scaled to size 8.85315pt on input line 219.


[2]
File: images/image4.png Graphic file (type bmp)
<images/image4.png>


[3]

[4


]
File: images/image14.png Graphic file (type bmp)
<images/image14.png>
LaTeX Font Info:    Font shape `TU/Palatino(0)/b/n' will be
(Font)              scaled to size 8.0pt on input line 304.
File: images/image10.png Graphic file (type bmp)
<images/image10.png>
File: images/image9.png Graphic file (type bmp)
<images/image9.png>


[5

]

[6]

[7

]
File: images/image7.png Graphic file (type bmp)
<images/image7.png>
File: images/image13.png Graphic file (type bmp)
<images/image13.png>
File: images/image8.png Graphic file (type bmp)
<images/image8.png>
File: images/image5.png Graphic file (type bmp)
<images/image5.png>


[8

]

[9]

[10]

[11]

[12

]

[13]
Underfull \hbox (badness 1546) in paragraph at lines 625--635
\TU/Palatino(0)/m/n/10.95 while exhibiting selection effects by country, age, a
nd sector ([][]SpringerOpen[][],
 []

LaTeX Font Info:    Font shape `TU/Palatino(0)/m/n' will be
(Font)              scaled to size 7.665pt on input line 676.
LaTeX Font Info:    Font shape `TU/Palatino(0)/m/n' will be
(Font)              scaled to size 9.0pt on input line 676.
Package microtype Info: Character `\textservicemark ' is missing
(microtype)             in font `\TU/Palatino(0)/m/n/9'.
(microtype)             Ignoring protrusion settings for this character.
LaTeX Font Info:    Font shape `TU/latinmodern-math.otf(1)/m/n' will be
(Font)              scaled to size 9.80241pt on input line 676.
LaTeX Font Info:    Font shape `TU/latinmodern-math.otf(2)/m/n' will be
(Font)              scaled to size 9.80351pt on input line 676.
LaTeX Font Info:    Font shape `TU/latinmodern-math.otf(3)/m/n' will be
(Font)              scaled to size 9.80145pt on input line 676.
LaTeX Font Info:    Font shape `TU/Palatino(0)/m/n' will be
(Font)              scaled to size 6.0pt on input line 676.


[14

]

[15]
Underfull \hbox (badness 3623) in paragraph at lines 804--815
\TU/Palatino(0)/m/n/10.95 learning” OR ”deep-learning”, ”reinforcement learning
” OR ”reinforcement-
 []



[16

]

[17]
LaTeX Font Info:    Font shape `TU/Palatino(0)/b/n' will be
(Font)              scaled to size 10.95pt on input line 929.


[18

]
File: images/image3.png Graphic file (type bmp)
<images/image3.png>
File: images/image6.png Graphic file (type bmp)
<images/image6.png>


[19]

[20]

[21

]
Underfull \hbox (badness 10000) in paragraph at lines 991--992
[][][] [] [][][][][][][][] [][] [][][][] [] [][][][][] [][] [][][][][][][] [][]
 [][][][][][][] [] [][][][] [] [][][][] [][] [][][][][][][] [][] [][][][][] [][
] [][][][][][][] [][]
 []


Underfull \hbox (badness 10000) in paragraph at lines 997--998
[][][][][][][][][] [] [][][] [] [][][][] [] [][][][] [] [][][][][][][][][] [][]
 [][] [][] [][][][][][] [][] [] [][] [][][][][][][] [][] [][] [][] [][] [][] []
[] [][] [][][][][][][][][][] [][]
 []


Underfull \hbox (badness 10000) in paragraph at lines 999--1000
[]\TU/Palatino(0)/m/n/10.95 Capgemini. Augmented Engineering Offerings Powered 
by Gen AI.
 []


Underfull \hbox (badness 10000) in paragraph at lines 999--1000
[][]$[][][][][] [] [] [] [][][] [] [][][][][][][][][] [] [][][] [] [][][][] [] 
[][][][][] [][] [][][][][][][][] [] [][][][][][][][][] [][] [][][][][][][][][] 
[][]
 []

LaTeX Font Info:    Font shape `TU/Palatino(0)/m/it' will be
(Font)              scaled to size 10.95pt on input line 1003.

Underfull \hbox (badness 10000) in paragraph at lines 1007--1008
[][]$[][][][][] [] [] [] [][][][][][][][][][] [] [][][][][][][][][] [] [][][] [
] [][][][][][][] [] [][] [] [][][][][][][][][][][][][][][][][][] []
 []


Underfull \hbox (badness 10000) in paragraph at lines 1007--1008
[][][] [] [][][][][] [][] [][][][] [][] [][][][][] [][] [][][][][][][][] [][] [
][][][] [][] [][][][][][][][] [][] [][][][] [][] [][][][][][] [][] [][][] [][] 
[][][][][][][][][] [][]
 []



[22

]
File: images/image2.png Graphic file (type bmp)
<images/image2.png>


[23

]
LaTeX Font Info:    Font shape `TU/Helvetica(0)/b/n' will be
(Font)              scaled to size 7.08252pt on input line 1063.


[24]
File: images/image11.png Graphic file (type bmp)
<images/image11.png>


[25]

[26]
File: images/image1.png Graphic file (type bmp)
<images/image1.png>
File: images/image12.png Graphic file (type bmp)
<images/image12.png>


[27]
Overfull \hbox (7.36595pt too wide) in paragraph at lines 1160--1160
[]|\TU/Palatino(0)/b/n/8 Founded|  
 []


Overfull \hbox (8.18866pt too wide) in paragraph at lines 1160--1160
\TU/Palatino(0)/b/n/8 (LinkedIn)|  
 []


Overfull \hbox (1.55194pt too wide) in paragraph at lines 1163--1164
[]|\TU/Palatino(0)/b/n/8 Category|  
 []


Overfull \hbox (4.32928pt too wide) in paragraph at lines 1164--1164
[]|\TU/Palatino(0)/m/n/8 Unknown|  
 []


Overfull \hbox (4.32928pt too wide) in paragraph at lines 1167--1167
[]|\TU/Palatino(0)/m/n/8 Unknown|  
 []


Overfull \hbox (4.32928pt too wide) in paragraph at lines 1169--1169
[]|\TU/Palatino(0)/m/n/8 Unknown|  
 []


Overfull \hbox (4.32928pt too wide) in paragraph at lines 1171--1171
[]|\TU/Palatino(0)/m/n/8 Unknown|  
 []


Overfull \hbox (4.32928pt too wide) in paragraph at lines 1173--1173
[]|\TU/Palatino(0)/m/n/8 Unknown|  
 []


Overfull \hbox (4.32928pt too wide) in paragraph at lines 1175--1175
[]|\TU/Palatino(0)/m/n/8 Unknown|  
 []


Overfull \hbox (4.32928pt too wide) in paragraph at lines 1177--1177
[]|\TU/Palatino(0)/m/n/8 Unknown|  
 []


Overfull \hbox (4.32928pt too wide) in paragraph at lines 1179--1179
[]|\TU/Palatino(0)/m/n/8 Unknown|  
 []


Overfull \hbox (4.32928pt too wide) in paragraph at lines 1181--1181
[]|\TU/Palatino(0)/m/n/8 Unknown|  
 []


Overfull \hbox (4.32928pt too wide) in paragraph at lines 1183--1183
[]|\TU/Palatino(0)/m/n/8 Unknown|  
 []


Overfull \hbox (4.32928pt too wide) in paragraph at lines 1185--1185
[]|\TU/Palatino(0)/m/n/8 Unknown|  
 []


Overfull \hbox (4.32928pt too wide) in paragraph at lines 1187--1187
[]|\TU/Palatino(0)/m/n/8 Unknown|  
 []


Overfull \hbox (4.32928pt too wide) in paragraph at lines 1189--1189
[]|\TU/Palatino(0)/m/n/8 Unknown|  
 []


Overfull \hbox (4.32928pt too wide) in paragraph at lines 1192--1192
[]|\TU/Palatino(0)/m/n/8 Unknown|  
 []


Overfull \hbox (1.08105pt too wide) in paragraph at lines 1194--1194
[]|\TU/Palatino(0)/m/n/8 Character.AI|  
 []


Overfull \hbox (4.32928pt too wide) in paragraph at lines 1194--1194
[]|\TU/Palatino(0)/m/n/8 Unknown|  
 []


Overfull \hbox (4.32928pt too wide) in paragraph at lines 1196--1196
[]|\TU/Palatino(0)/m/n/8 Unknown|  
 []


Overfull \hbox (4.32928pt too wide) in paragraph at lines 1198--1198
[]|\TU/Palatino(0)/m/n/8 Unknown|  
 []


Overfull \hbox (4.32928pt too wide) in paragraph at lines 1201--1201
[]|\TU/Palatino(0)/m/n/8 Unknown|  
 []


Overfull \hbox (4.32928pt too wide) in paragraph at lines 1203--1203
[]|\TU/Palatino(0)/m/n/8 Unknown|  
 []


Overfull \hbox (4.32928pt too wide) in paragraph at lines 1206--1206
[]|\TU/Palatino(0)/m/n/8 Unknown|  
 []

[28

]

[29]
Overfull \hbox (7.36595pt too wide) in paragraph at lines 1228--1228
[]|\TU/Palatino(0)/b/n/8 Founded|  
 []


Overfull \hbox (8.18866pt too wide) in paragraph at lines 1228--1228
\TU/Palatino(0)/b/n/8 (LinkedIn)|  
 []


Overfull \hbox (1.55194pt too wide) in paragraph at lines 1231--1232
[]|\TU/Palatino(0)/b/n/8 Category|  
 []


Overfull \hbox (4.32928pt too wide) in paragraph at lines 1232--1232
[]|\TU/Palatino(0)/m/n/8 Unknown|  
 []


Overfull \hbox (4.32928pt too wide) in paragraph at lines 1234--1234
[]|\TU/Palatino(0)/m/n/8 Unknown|  
 []


Overfull \hbox (4.32928pt too wide) in paragraph at lines 1236--1236
[]|\TU/Palatino(0)/m/n/8 Unknown|  
 []


Overfull \hbox (4.32928pt too wide) in paragraph at lines 1238--1238
[]|\TU/Palatino(0)/m/n/8 Unknown|  
 []


Overfull \hbox (4.32928pt too wide) in paragraph at lines 1240--1240
[]|\TU/Palatino(0)/m/n/8 Unknown|  
 []


Overfull \hbox (4.32928pt too wide) in paragraph at lines 1242--1242
[]|\TU/Palatino(0)/m/n/8 Unknown|  
 []


Overfull \hbox (4.32928pt too wide) in paragraph at lines 1244--1244
[]|\TU/Palatino(0)/m/n/8 Unknown|  
 []


Overfull \hbox (4.32928pt too wide) in paragraph at lines 1247--1247
[]|\TU/Palatino(0)/m/n/8 Unknown|  
 []


Overfull \hbox (6.7998pt too wide) in paragraph at lines 1249--1249
[]|\TU/Palatino(0)/m/n/8 HarperCollins 
 []


Overfull \hbox (4.32928pt too wide) in paragraph at lines 1249--1249
[]|\TU/Palatino(0)/m/n/8 Unknown|  
 []


Overfull \hbox (4.32928pt too wide) in paragraph at lines 1251--1251
[]|\TU/Palatino(0)/m/n/8 Unknown|  
 []


Overfull \hbox (4.32928pt too wide) in paragraph at lines 1253--1253
[]|\TU/Palatino(0)/m/n/8 Unknown|  
 []


Overfull \hbox (4.32928pt too wide) in paragraph at lines 1255--1255
[]|\TU/Palatino(0)/m/n/8 Unknown|  
 []


Overfull \hbox (4.32928pt too wide) in paragraph at lines 1257--1257
[]|\TU/Palatino(0)/m/n/8 Unknown|  
 []


Overfull \hbox (4.32928pt too wide) in paragraph at lines 1260--1260
[]|\TU/Palatino(0)/m/n/8 Unknown|  
 []


Overfull \hbox (4.32928pt too wide) in paragraph at lines 1263--1263
[]|\TU/Palatino(0)/m/n/8 Unknown|  
 []


Overfull \hbox (4.32928pt too wide) in paragraph at lines 1265--1265
[]|\TU/Palatino(0)/m/n/8 Unknown|  
 []


Overfull \hbox (4.32928pt too wide) in paragraph at lines 1267--1267
[]|\TU/Palatino(0)/m/n/8 Unknown|  
 []


Overfull \hbox (4.32928pt too wide) in paragraph at lines 1269--1269
[]|\TU/Palatino(0)/m/n/8 Unknown|  
 []



[30

]
Underfull \hbox (badness 2582) in paragraph at lines 1349--1351
[]|\TU/Palatino(0)/m/n/8 Modular but sparse docs or missing types; minor duplic
ation; lint passes with
 []

[31

]
Underfull \hbox (badness 1264) in paragraph at lines 1385--1389
[]\TU/Palatino(0)/m/n/10.95 Award in 2‑point increments for: ablation studies, 
alternative unlearning al-
 []


Underfull \hbox (badness 2376) in paragraph at lines 1385--1389
\TU/Palatino(0)/m/n/10.95 gorithms, automated sweep scripts, CI tests, dashboar
ds, compute‑matched
 []

LaTeX Font Info:    Font shape `TU/Helvetica(0)/m/n' will be
(Font)              scaled to size 9.86629pt on input line 1461.
LaTeX Font Info:    Font shape `TU/Helvetica(0)/b/n' will be
(Font)              scaled to size 9.69418pt on input line 1461.


[32]

[33]
Overfull \hbox (2.4798pt too wide) in alignment at lines 1569--1574
 [] [] [] [] [] [] [] [] 
 []


Overfull \hbox (2.4798pt too wide) in alignment at lines 1574--1580
 [] [] [] [] [] [] [] [] 
 []


Overfull \hbox (2.4798pt too wide) in alignment at lines 1580--1584
 [] [] [] [] [] [] [] [] 
 []


Overfull \hbox (2.4798pt too wide) in alignment at lines 1584--1587
 [] [] [] [] [] [] [] [] 
 []


Overfull \hbox (2.92316pt too wide) in paragraph at lines 1636--1636
[]|\TU/Palatino(0)/m/n/8 Switzerland|  
 []


Overfull \hbox (2.92316pt too wide) in paragraph at lines 1641--1641
[]|\TU/Palatino(0)/m/n/8 Switzerland|  
 []


Overfull \hbox (2.92316pt too wide) in paragraph at lines 1644--1644
[]|\TU/Palatino(0)/m/n/8 Switzerland|  
 []


Overfull \hbox (2.92316pt too wide) in paragraph at lines 1655--1655
[]|\TU/Palatino(0)/m/n/8 Switzerland|  
 []


Overfull \hbox (2.92316pt too wide) in paragraph at lines 1669--1669
[]|\TU/Palatino(0)/m/n/8 Switzerland|  
 []


Overfull \hbox (4.25128pt too wide) in paragraph at lines 1678--1678
[]|\TU/Palatino(0)/m/n/8 Netherlands|  
 []


Overfull \hbox (2.92316pt too wide) in paragraph at lines 1693--1693
[]|\TU/Palatino(0)/m/n/8 Switzerland|  
 []


Overfull \hbox (0.54816pt too wide) in paragraph at lines 1707--1707
[]|\TU/Palatino(0)/m/n/8 Philippines|  
 []


Overfull \hbox (4.25128pt too wide) in paragraph at lines 1736--1736
[]|\TU/Palatino(0)/m/n/8 Netherlands|  
 []


Overfull \hbox (1.88647pt too wide) in paragraph at lines 1739--1739
[]|\TU/Palatino(0)/b/n/8 GalaxE.Solutions|  
 []

Missing character: There is no 數 (U+6578) in font Palatino Bold/AAT:mapping=tex
-text;!
Missing character: There is no 辰 (U+8FB0) in font Palatino Bold/AAT:mapping=tex
-text;!
Missing character: There is no 創 (U+5275) in font Palatino Bold/AAT:mapping=tex
-text;!
Missing character: There is no 藝 (U+85DD) in font Palatino Bold/AAT:mapping=tex
-text;!
Missing character: There is no 科 (U+79D1) in font Palatino Bold/AAT:mapping=tex
-text;!
Missing character: There is no 技 (U+6280) in font Palatino Bold/AAT:mapping=tex
-text;!
Missing character: There is no 股 (U+80A1) in font Palatino Bold/AAT:mapping=tex
-text;!
Missing character: There is no 份 (U+4EFD) in font Palatino Bold/AAT:mapping=tex
-text;!
Missing character: There is no 有 (U+6709) in font Palatino Bold/AAT:mapping=tex
-text;!
Missing character: There is no 限 (U+9650) in font Palatino Bold/AAT:mapping=tex
-text;!
Missing character: There is no 公 (U+516C) in font Palatino Bold/AAT:mapping=tex
-text;!
Missing character: There is no 司 (U+53F8) in font Palatino Bold/AAT:mapping=tex
-text;!

Overfull \hbox (44.17944pt too wide) in paragraph at lines 1781--1781
[]|\TU/Palatino(0)/b/n/8 數辰創藝科技股份有限公司|  
 []


Overfull \hbox (2.4798pt too wide) in alignment at lines 1587--1789
 [] [] [] [] [] [] [] [] 
 []


Overfull \hbox (0.54816pt too wide) in paragraph at lines 1792--1792
[]|\TU/Palatino(0)/m/n/8 Philippines|  
 []


Overfull \hbox (29.22632pt too wide) in paragraph at lines 1908--1908
[]|\TU/Palatino(0)/b/n/8 PricewaterhouseCoopers|  
 []


Overfull \hbox (4.25128pt too wide) in paragraph at lines 1932--1932
[]|\TU/Palatino(0)/m/n/8 Netherlands|  
 []


Overfull \hbox (4.25128pt too wide) in paragraph at lines 1949--1949
[]|\TU/Palatino(0)/m/n/8 Netherlands|  
 []


Overfull \hbox (2.4798pt too wide) in alignment at lines 1789--1989
 [] [] [] [] [] [] [] [] 
 []

[34

] [35] [36] [37] [38] [39] [40] [41] [42]
Overfull \hbox (2.4798pt too wide) in alignment at lines 1989--1992
 [] [] [] [] [] [] [] [] 
 []

[43] [44] [45] [46] [47] [48] [49] [50] [51]

[52] (./NepenthePaper.aux)
 ***********
LaTeX2e <2024-11-01> patch level 2
L3 programming layer <2025-01-18>
 ***********
 ) 
Here is how much of TeX's memory you used:
 23636 strings out of 475366
 445358 string characters out of 5762339
 1568449 words of memory out of 5000000
 46258 multiletter control sequences out of 15000+600000
 568391 words of font info for 149 fonts, out of 8000000 for 9000
 319 hyphenation exceptions out of 8191
 90i,13n,117p,3148b,657s stack positions out of 10000i,1000n,20000p,200000b,200000s

Output written on NepenthePaper.pdf (52 pages).
